<?xml version="1.0" encoding="UTF-8"?>
<!-- Generated by org.testng.reporters.JUnitReportReporter -->
<testsuite hostname="Sohaib" failures="0" tests="3" name="codenboxautomationlab1.codenboxautomationlab1.AppTest" time="2.773" errors="0" timestamp="2025-04-21T19:57:17 GMT+03:00" skipped="0">
  <testcase classname="codenboxautomationlab1.codenboxautomationlab1.AppTest" name="RadioButton" time="0.245"/>
  <testcase classname="codenboxautomationlab1.codenboxautomationlab1.AppTest" name="Dynamic_Dropdown" time="2.251"/>
  <testcase classname="codenboxautomationlab1.codenboxautomationlab1.AppTest" name="Static_Dropdown" time="0.277"/>
</testsuite> <!-- codenboxautomationlab1.codenboxautomationlab1.AppTest -->
